[1;30m[   DEBUG][0m logging.py | [38;5;8mSetup logging without verbose logs[0m
[1;30m[    INFO][0m logging.py | [32mLogging to /home/patricka/PARA/Projects/Istari/examples/suPAErnova/output/supaernova.log[0m
[1;30m[   DEBUG][0m logging.py | [38;5;8mRunning DATA with opts: {'data_dir': 'data', 'meta': 'meta.csv', 'idr': 'IDR_eTmax.txt', 'mask': 'mask_info_wmin_wmax.txt', 'plot_spectra': True}[0m
[1;30m[   DEBUG][0m logging.py | [38;5;8mWriting DATA opts to /home/patricka/PARA/Projects/Istari/examples/suPAErnova/output/DATA/DATA.toml[0m
[1;30m[    INFO][0m logging.py | [32mRunning DATA[0m
[1;30m[   DEBUG][0m logging.py | [38;5;8mLoading SN SALT data[0m
[1;30m[   DEBUG][0m logging.py | [38;5;8mLoading SN DPhase data[0m
[1;30m[   DEBUG][0m logging.py | [38;5;8mLoading Spectra Masks[0m
[1;30m[   DEBUG][0m logging.py | [38;5;8mMerging SN data[0m
[1;30m[   DEBUG][0m logging.py | [38;5;8mLoading Spectra data[0m
[1;30m[   DEBUG][0m logging.py | [38;5;8mLinking Spectra with SNe[0m
[1;30m[   DEBUG][0m logging.py | [38;5;8mPlotting SNF20060911-014[0m
[1;30m[   DEBUG][0m logging.py | [38;5;8mPlotting PTF11bnx[0m
[1;30m[   DEBUG][0m logging.py | [38;5;8mPlotting PTF09dnl[0m
[1;30m[   DEBUG][0m logging.py | [38;5;8mPlotting PTF09dnp[0m
[1;30m[   DEBUG][0m logging.py | [38;5;8mPlotting PTF12jqh[0m
[1;30m[   DEBUG][0m logging.py | [38;5;8mPlotting PTF11qmo[0m
[1;30m[   DEBUG][0m logging.py | [38;5;8mPlotting SNF20070331-025[0m
[1;30m[   DEBUG][0m logging.py | [38;5;8mPlotting SNF20080514-002[0m
[1;30m[   DEBUG][0m logging.py | [38;5;8mPlotting SNBOSS38[0m
[1;30m[   DEBUG][0m logging.py | [38;5;8mPlotting SN2006ob[0m
[1;30m[   DEBUG][0m logging.py | [38;5;8mPlotting SN2005bg[0m
[1;30m[   DEBUG][0m logging.py | [38;5;8mPlotting LSQ13avx[0m
[1;30m[   DEBUG][0m logging.py | [38;5;8mPlotting SN2005bc[0m
[1;30m[   DEBUG][0m logging.py | [38;5;8mPlotting SN2009hi[0m
[1;30m[   DEBUG][0m logging.py | [38;5;8mPlotting SNF20070420-001[0m
[1;30m[   DEBUG][0m logging.py | [38;5;8mPlotting LSQ12gdj[0m
[1;30m[   DEBUG][0m logging.py | [38;5;8mPlotting SNF20070817-003[0m
[1;30m[   DEBUG][0m logging.py | [38;5;8mPlotting SNNGC4424[0m
[1;30m[   DEBUG][0m logging.py | [38;5;8mPlotting PTF12hwb[0m
[1;30m[   DEBUG][0m logging.py | [38;5;8mPlotting PTF10qyz[0m
[1;30m[   DEBUG][0m logging.py | [38;5;8mPlotting LSQ12fxd[0m
[1;30m[   DEBUG][0m logging.py | [38;5;8mPlotting SNF20080821-000[0m
[1;30m[   DEBUG][0m logging.py | [38;5;8mPlotting PTF10wnm[0m
[1;30m[   DEBUG][0m logging.py | [38;5;8mPlotting SN2010dt[0m
[1;30m[   DEBUG][0m logging.py | [38;5;8mPlotting SNF20080623-001[0m
[1;30m[   DEBUG][0m logging.py | [38;5;8mPlotting LSQ12fhe[0m
[1;30m[   DEBUG][0m logging.py | [38;5;8mPlotting SNF20070810-004[0m
[1;30m[   DEBUG][0m logging.py | [38;5;8mPlotting PTF11mty[0m
[1;30m[   DEBUG][0m logging.py | [38;5;8mPlotting SNF20080512-010[0m
[1;30m[   DEBUG][0m logging.py | [38;5;8mPlotting PTF10tce[0m
[1;30m[   DEBUG][0m logging.py | [38;5;8mPlotting SN2005ir[0m
[1;30m[   DEBUG][0m logging.py | [38;5;8mPlotting PTF10nlg[0m
[1;30m[   DEBUG][0m logging.py | [38;5;8mPlotting SNF20061024-000[0m
[1;30m[   DEBUG][0m logging.py | [38;5;8mPlotting PTF10hmv[0m
[1;30m[   DEBUG][0m logging.py | [38;5;8mPlotting SNF20071015-000[0m
[1;30m[   DEBUG][0m logging.py | [38;5;8mPlotting SNhunt89[0m
[1;30m[   DEBUG][0m logging.py | [38;5;8mPlotting PTF09dlc[0m
[1;30m[   DEBUG][0m logging.py | [38;5;8mPlotting SNF20080919-000[0m
[1;30m[   DEBUG][0m logging.py | [38;5;8mPlotting SNF20080919-001[0m
[1;30m[   DEBUG][0m logging.py | [38;5;8mPlotting SN2010kg[0m
[1;30m[   DEBUG][0m logging.py | [38;5;8mPlotting SNF20080714-008[0m
[1;30m[   DEBUG][0m logging.py | [38;5;8mPlotting SNF20060915-006[0m
[1;30m[   DEBUG][0m logging.py | [38;5;8mPlotting SNF20061111-002[0m
[1;30m[   DEBUG][0m logging.py | [38;5;8mPlotting SNNGC6343[0m
[1;30m[   DEBUG][0m logging.py | [38;5;8mPlotting PTF10wof[0m
[1;30m[   DEBUG][0m logging.py | [38;5;8mPlotting SNF20060514-003[0m
[1;30m[   DEBUG][0m logging.py | [38;5;8mPlotting PTF10ufj[0m
[1;30m[   DEBUG][0m logging.py | [38;5;8mPlotting CSS130502_01[0m
[1;30m[   DEBUG][0m logging.py | [38;5;8mPlotting SNF20080626-002[0m
[1;30m[   DEBUG][0m logging.py | [38;5;8mPlotting SNF20060621-012[0m
[1;30m[   DEBUG][0m logging.py | [38;5;8mPlotting SNF20060621-015[0m
[1;30m[   DEBUG][0m logging.py | [38;5;8mPlotting SN2007cq[0m
[1;30m[   DEBUG][0m logging.py | [38;5;8mPlotting PTF10yux[0m
[1;30m[   DEBUG][0m logging.py | [38;5;8mPlotting SNF20070701-005[0m
[1;30m[   DEBUG][0m logging.py | [38;5;8mPlotting SNF20060908-004[0m
[1;30m[   DEBUG][0m logging.py | [38;5;8mPlotting SNNGC2691[0m
[1;30m[   DEBUG][0m logging.py | [38;5;8mPlotting PTF13asv[0m
[1;30m[   DEBUG][0m logging.py | [38;5;8mPlotting CSS110918_01[0m
[1;30m[   DEBUG][0m logging.py | [38;5;8mPlotting CSS110918_02[0m
[1;30m[   DEBUG][0m logging.py | [38;5;8mPlotting SNF20080918-002[0m
[1;30m[   DEBUG][0m logging.py | [38;5;8mPlotting LSQ13abo[0m
[1;30m[   DEBUG][0m logging.py | [38;5;8mPlotting SNIC3573[0m
[1;30m[   DEBUG][0m logging.py | [38;5;8mPlotting SNF20061011-005[0m
[1;30m[   DEBUG][0m logging.py | [38;5;8mPlotting SNF20080918-000[0m
[1;30m[   DEBUG][0m logging.py | [38;5;8mPlotting PTF11bju[0m
[1;30m[   DEBUG][0m logging.py | [38;5;8mPlotting PTF12iiq[0m
[1;30m[   DEBUG][0m logging.py | [38;5;8mPlotting SNF20080919-002[0m
[1;30m[   DEBUG][0m logging.py | [38;5;8mPlotting PTF12grk[0m
[1;30m[   DEBUG][0m logging.py | [38;5;8mPlotting SNF20080720-001[0m
[1;30m[   DEBUG][0m logging.py | [38;5;8mPlotting SNF20080918-004[0m
[1;30m[   DEBUG][0m logging.py | [38;5;8mPlotting SNF20070902-018[0m
[1;30m[   DEBUG][0m logging.py | [38;5;8mPlotting LSQ12gxj[0m
[1;30m[   DEBUG][0m logging.py | [38;5;8mPlotting SN2006cj[0m
[1;30m[   DEBUG][0m logging.py | [38;5;8mPlotting SNF20080815-017[0m
[1;30m[   DEBUG][0m logging.py | [38;5;8mPlotting SNF20071003-004[0m
[1;30m[   DEBUG][0m logging.py | [38;5;8mPlotting PTF10icb[0m
[1;30m[   DEBUG][0m logging.py | [38;5;8mPlotting SNF20061022-005[0m
[1;30m[   DEBUG][0m logging.py | [38;5;8mPlotting PTF13ajv[0m
[1;30m[   DEBUG][0m logging.py | [38;5;8mPlotting SNF20070429-000[0m
[1;30m[   DEBUG][0m logging.py | [38;5;8mPlotting PTF13azs[0m
[1;30m[   DEBUG][0m logging.py | [38;5;8mPlotting SN2005cf[0m
[1;30m[   DEBUG][0m logging.py | [38;5;8mPlotting SNF20070820-000[0m
[1;30m[   DEBUG][0m logging.py | [38;5;8mPlotting SNF20071108-021[0m
[1;30m[   DEBUG][0m logging.py | [38;5;8mPlotting PTF12evo[0m
[1;30m[   DEBUG][0m logging.py | [38;5;8mPlotting SNF20050624-000[0m
[1;30m[   DEBUG][0m logging.py | [38;5;8mPlotting SNF20080531-000[0m
[1;30m[   DEBUG][0m logging.py | [38;5;8mPlotting PTF12ikt[0m
[1;30m[   DEBUG][0m logging.py | [38;5;8mPlotting PTF12eer[0m
[1;30m[   DEBUG][0m logging.py | [38;5;8mPlotting SNF20080909-030[0m
[1;30m[   DEBUG][0m logging.py | [38;5;8mPlotting SN2005hj[0m
[1;30m[   DEBUG][0m logging.py | [38;5;8mPlotting LSQ13aiz[0m
[1;30m[   DEBUG][0m logging.py | [38;5;8mPlotting SNPGC51271[0m
[1;30m[   DEBUG][0m logging.py | [38;5;8mPlotting LSQ12ekl[0m
[1;30m[   DEBUG][0m logging.py | [38;5;8mPlotting SNF20070903-001[0m
[1;30m[   DEBUG][0m logging.py | [38;5;8mPlotting SN2006X[0m
[1;30m[   DEBUG][0m logging.py | [38;5;8mPlotting SNPGC027923[0m
[1;30m[   DEBUG][0m logging.py | [38;5;8mPlotting SNF20080522-011[0m
[1;30m[   DEBUG][0m logging.py | [38;5;8mPlotting SNhunt46[0m
[1;30m[   DEBUG][0m logging.py | [38;5;8mPlotting SNF20051003-004[0m
[1;30m[   DEBUG][0m logging.py | [38;5;8mPlotting SNF20061107-027[0m
[1;30m[   DEBUG][0m logging.py | [38;5;8mPlotting SNF20050927-005[0m
[1;30m[   DEBUG][0m logging.py | [38;5;8mPlotting LSQ12hjm[0m
[1;30m[   DEBUG][0m logging.py | [38;5;8mPlotting SNF20071021-000[0m
[1;30m[   DEBUG][0m logging.py | [38;5;8mPlotting SNF20070831-015[0m
[1;30m[   DEBUG][0m logging.py | [38;5;8mPlotting SNF20080806-002[0m
[1;30m[   DEBUG][0m logging.py | [38;5;8mPlotting SNF20080822-005[0m
[1;30m[   DEBUG][0m logging.py | [38;5;8mPlotting PTF10zdk[0m
[1;30m[   DEBUG][0m logging.py | [38;5;8mPlotting SNF20070424-003[0m
[1;30m[   DEBUG][0m logging.py | [38;5;8mPlotting LSQ12cyz[0m
[1;30m[   DEBUG][0m logging.py | [38;5;8mPlotting SNF20070714-007[0m
[1;30m[   DEBUG][0m logging.py | [38;5;8mPlotting PTF11cao[0m
[1;30m[   DEBUG][0m logging.py | [38;5;8mPlotting PTF10qjl[0m
[1;30m[   DEBUG][0m logging.py | [38;5;8mPlotting SNF20061021-003[0m
[1;30m[   DEBUG][0m logging.py | [38;5;8mPlotting SNF20070712-000[0m
[1;30m[   DEBUG][0m logging.py | [38;5;8mPlotting SNF20070506-006[0m
[1;30m[   DEBUG][0m logging.py | [38;5;8mPlotting LSQ13vy[0m
[1;30m[   DEBUG][0m logging.py | [38;5;8mPlotting SN2005hc[0m
[1;30m[   DEBUG][0m logging.py | [38;5;8mPlotting SN2007bd[0m
[1;30m[   DEBUG][0m logging.py | [38;5;8mPlotting SN2007bc[0m
[1;30m[   DEBUG][0m logging.py | [38;5;8mPlotting SNF20050829-003[0m
[1;30m[   DEBUG][0m logging.py | [38;5;8mPlotting SN2010ex[0m
[1;30m[   DEBUG][0m logging.py | [38;5;8mPlotting SNF20080802-006[0m
[1;30m[   DEBUG][0m logging.py | [38;5;8mPlotting PTF10xyt[0m
[1;30m[   DEBUG][0m logging.py | [38;5;8mPlotting SNF20070727-016[0m
[1;30m[   DEBUG][0m logging.py | [38;5;8mPlotting SNF20070818-001[0m
[1;30m[   DEBUG][0m logging.py | [38;5;8mPlotting SNF20070427-001[0m
[1;30m[   DEBUG][0m logging.py | [38;5;8mPlotting PTF10ops[0m
[1;30m[   DEBUG][0m logging.py | [38;5;8mPlotting SNF20080512-008[0m
[1;30m[   DEBUG][0m logging.py | [38;5;8mPlotting PTF10ygu[0m
[1;30m[   DEBUG][0m logging.py | [38;5;8mPlotting SNF20080614-010[0m
[1;30m[   DEBUG][0m logging.py | [38;5;8mPlotting PTF10ndc[0m
[1;30m[   DEBUG][0m logging.py | [38;5;8mPlotting SNF20080323-009[0m
[1;30m[   DEBUG][0m logging.py | [38;5;8mPlotting SN2004gc[0m
[1;30m[   DEBUG][0m logging.py | [38;5;8mPlotting SNF20080516-022[0m
[1;30m[   DEBUG][0m logging.py | [38;5;8mPlotting SNF20070802-000[0m
[1;30m[   DEBUG][0m logging.py | [38;5;8mPlotting SNF20060624-019[0m
[1;30m[   DEBUG][0m logging.py | [38;5;8mPlotting SN2004gs[0m
[1;30m[   DEBUG][0m logging.py | [38;5;8mPlotting SNF20050824-002[0m
[1;30m[   DEBUG][0m logging.py | [38;5;8mPlotting PTF10mwb[0m
[1;30m[   DEBUG][0m logging.py | [38;5;8mPlotting PTF09foz[0m
[1;30m[   DEBUG][0m logging.py | [38;5;8mPlotting LSQ14cnm[0m
[1;30m[   DEBUG][0m logging.py | [38;5;8mPlotting PTF09fox[0m
[1;30m[   DEBUG][0m logging.py | [38;5;8mPlotting PTF13ayw[0m
[1;30m[   DEBUG][0m logging.py | [38;5;8mPlotting SNF20061030-010[0m
[1;30m[   DEBUG][0m logging.py | [38;5;8mPlotting SNF20061020-000[0m
[1;30m[   DEBUG][0m logging.py | [38;5;8mPlotting PTF12ena[0m
[1;30m[   DEBUG][0m logging.py | [38;5;8mPlotting PTF13anh[0m
[1;30m[   DEBUG][0m logging.py | [38;5;8mPlotting SNF20080725-004[0m
[1;30m[   DEBUG][0m logging.py | [38;5;8mPlotting SNF20070403-001[0m
[1;30m[   DEBUG][0m logging.py | [38;5;8mPlotting LSQ12dbr[0m
[1;30m[   DEBUG][0m logging.py | [38;5;8mPlotting SNF20070902-021[0m
[1;30m[   DEBUG][0m logging.py | [38;5;8mPlotting PTF11mkx[0m
[1;30m[   DEBUG][0m logging.py | [38;5;8mPlotting SNF20060907-000[0m
[1;30m[   DEBUG][0m logging.py | [38;5;8mPlotting SNF20080717-000[0m
[1;30m[   DEBUG][0m logging.py | [38;5;8mPlotting SNF20080825-010[0m
[1;30m[   DEBUG][0m logging.py | [38;5;8mPlotting SNF20070717-003[0m
[1;30m[   DEBUG][0m logging.py | [38;5;8mPlotting SN2004ef[0m
[1;30m[   DEBUG][0m logging.py | [38;5;8mPlotting SNF20080516-000[0m
[1;30m[   DEBUG][0m logging.py | [38;5;8mPlotting SN2005cg[0m
[1;30m[   DEBUG][0m logging.py | [38;5;8mPlotting CSS120424_01[0m
[1;30m[   DEBUG][0m logging.py | [38;5;8mPlotting SNF20080620-000[0m
[1;30m[   DEBUG][0m logging.py | [38;5;8mPlotting SNF20050728-006[0m
[1;30m[   DEBUG][0m logging.py | [38;5;8mPlotting SNF20070331-014[0m
[1;30m[   DEBUG][0m logging.py | [38;5;8mPlotting SNF20050821-007[0m
[1;30m[   DEBUG][0m logging.py | [38;5;8mPlotting SNF20080920-000[0m
[1;30m[   DEBUG][0m logging.py | [38;5;8mPlotting SN2012fr[0m
[1;30m[   DEBUG][0m logging.py | [38;5;8mPlotting SNF20080610-000[0m
[1;30m[   DEBUG][0m logging.py | [38;5;8mPlotting SNF20060512-001[0m
[1;30m[   DEBUG][0m logging.py | [38;5;8mPlotting SN2007kk[0m
[1;30m[   DEBUG][0m logging.py | [38;5;8mPlotting PTF11bgv[0m
[1;30m[   DEBUG][0m logging.py | [38;5;8mPlotting SNF20051113-000[0m
[1;30m[   DEBUG][0m logging.py | [38;5;8mPlotting SNF20070806-026[0m
[1;30m[   DEBUG][0m logging.py | [38;5;8mPlotting PTF11kly[0m
[1;30m[   DEBUG][0m logging.py | [38;5;8mPlotting SNF20060912-000[0m
[1;30m[   DEBUG][0m logging.py | [38;5;8mPlotting SNF20060912-004[0m
[1;30m[   DEBUG][0m logging.py | [38;5;8mPlotting PTF12izc[0m
[1;30m[   DEBUG][0m logging.py | [38;5;8mPlotting SNF20071003-016[0m
[1;30m[   DEBUG][0m logging.py | [38;5;8mPlotting SNF20060530-003[0m
[1;30m[   DEBUG][0m logging.py | [38;5;8mPlotting SNF20070803-005[0m
[1;30m[   DEBUG][0m logging.py | [38;5;8mPlotting SNF20061022-014[0m
[1;30m[   DEBUG][0m logging.py | [38;5;8mPlotting PTF12fuu[0m
[1;30m[   DEBUG][0m logging.py | [38;5;8mPlotting SN2007nq[0m
[1;30m[   DEBUG][0m logging.py | [38;5;8mPlotting SNF20080810-001[0m
[1;30m[   DEBUG][0m logging.py | [38;5;8mPlotting SNF20050729-002[0m
[1;30m[   DEBUG][0m logging.py | [38;5;8mPlotting SN2008ec[0m
[1;30m[   DEBUG][0m logging.py | [38;5;8mPlotting PTF11qzq[0m
[1;30m[   DEBUG][0m logging.py | [38;5;8mPlotting SNF20060618-014[0m
[1;30m[   DEBUG][0m logging.py | [38;5;8mPlotting SNNGC2370[0m
[1;30m[   DEBUG][0m logging.py | [38;5;8mPlotting SNF20080731-000[0m
[1;30m[   DEBUG][0m logging.py | [38;5;8mPlotting SNF20070403-000[0m
[1;30m[   DEBUG][0m logging.py | [38;5;8mPlotting PTF11pbp[0m
[1;30m[   DEBUG][0m logging.py | [38;5;8mPlotting SNF20050728-000[0m
[1;30m[   DEBUG][0m logging.py | [38;5;8mPlotting SNNGC4076[0m
[1;30m[   DEBUG][0m logging.py | [38;5;8mPlotting SNF20070725-001[0m
[1;30m[   DEBUG][0m logging.py | [38;5;8mPlotting SNF20070630-006[0m
[1;30m[   DEBUG][0m logging.py | [38;5;8mPlotting SNF20061108-004[0m
[1;30m[   DEBUG][0m logging.py | [38;5;8mPlotting SNF20080914-001[0m
[1;30m[   DEBUG][0m logging.py | [38;5;8mPlotting SNF20080908-000[0m
[1;30m[   DEBUG][0m logging.py | [38;5;8mPlotting SNF20080926-009[0m
[1;30m[   DEBUG][0m logging.py | [38;5;8mPlotting SNF20060609-002[0m
[1;30m[   DEBUG][0m logging.py | [38;5;8mPlotting SN2005el[0m
[1;30m[   DEBUG][0m logging.py | [38;5;8mPlotting SNF20060916-002[0m
[1;30m[   DEBUG][0m logging.py | [38;5;8mPlotting SN2006do[0m
[1;30m[   DEBUG][0m logging.py | [38;5;8mPlotting SN2006dm[0m
[1;30m[   DEBUG][0m logging.py | [38;5;8mPlotting SNF20060526-003[0m
[1;30m[   DEBUG][0m logging.py | [38;5;8mPlotting PTF10qjq[0m
[1;30m[   DEBUG][0m logging.py | [38;5;8mPlotting SN2012cu[0m
[1;30m[   DEBUG][0m logging.py | [38;5;8mPlotting SN2007le[0m
[1;30m[   DEBUG][0m logging.py | [38;5;8mPlotting SNF20080507-000[0m
[1;30m[   DEBUG][0m logging.py | [38;5;8mPlotting SNF20070330-024[0m
[1;30m[   DEBUG][0m logging.py | [38;5;8mPlotting SNF20060618-023[0m
[1;30m[   DEBUG][0m logging.py | [38;5;8mPlotting SNF20060512-002[0m
[1;30m[   DEBUG][0m logging.py | [38;5;8mPlotting SNF20060521-001[0m
[1;30m[   DEBUG][0m logging.py | [38;5;8mPlotting PTF11drz[0m
[1;30m[   DEBUG][0m logging.py | [38;5;8mPlotting SNNGC0927[0m
[1;30m[   DEBUG][0m logging.py | [38;5;8mPlotting SNF20060521-008[0m
[1;30m[   DEBUG][0m logging.py | [38;5;8mPlotting PTF12dxm[0m
[1;30m[   DEBUG][0m logging.py | [38;5;8mPlotting SNF20080803-000[0m
[1;30m[   DEBUG][0m logging.py | [38;5;8mPlotting SNF20080612-003[0m
[1;30m[   DEBUG][0m logging.py | [38;5;8mPlotting SNF20060511-014[0m
[1;30m[   DEBUG][0m logging.py | [38;5;8mPlotting PTF12ghy[0m
[1;30m[   DEBUG][0m logging.py | [38;5;8mPlotting SNF20070531-011[0m
[1;30m[   DEBUG][0m logging.py | [38;5;8mPlotting SNF20070417-002[0m
[1;30m[   DEBUG][0m logging.py | [38;5;8mPlotting SNF20080522-000[0m
[1;30m[   DEBUG][0m logging.py | [38;5;8mPlotting SNF20080510-005[0m
[1;30m[   DEBUG][0m logging.py | [38;5;8mPlotting SNF20070712-003[0m
[1;30m[   DEBUG][0m logging.py | [38;5;8mPlotting SNF20080913-031[0m
[1;30m[   DEBUG][0m logging.py | [38;5;8mPlotting SNF20080510-001[0m
[1;30m[   ERROR][0m logging.py | [1;31mError getting results of DATA: Data has not been generated[0m
[1;30m[    INFO][0m logging.py | [32mFinished running DATA[0m
